2025-09-24 05:12:24,875 -User: jason21 - Path: /
2025-09-24 05:12:32,971 -User: jason21 - Path: /api-auth/logout/
2025-09-24 05:12:33,016 -User: Anonymous - Path: /
2025-09-24 05:12:33,029 -Unauthorized: /
2025-09-24 05:12:35,000 -User: Anonymous - Path: /api-auth/login/
2025-09-24 05:12:39,107 -User: Anonymous - Path: /api-auth/login/
2025-09-24 05:12:41,275 -User: jason21 - Path: /
2025-09-24 05:12:52,128 -User: jason21 - Path: /messages/
2025-09-24 05:14:01,848 -User: jason21 - Path: /conversation/
2025-09-24 08:51:21,329 -User: jason21 - Path: /
2025-09-24 08:51:28,316 -User: jason21 - Path: /conversation/
2025-09-24 08:51:50,009 -User: jason21 - Path: /messages/
2025-09-24 08:58:15,292 -C:\Users\Elite Phrasium\OneDrive\Desktop\ALX\backend\week_4\alx-backend-python\Django-Middleware-0x03\chats\views.py changed, reloading.
2025-09-24 08:58:31,563 -User: jason21 - Path: /messages/
2025-09-24 09:02:00,222 -User: jason21 - Path: /
2025-09-24 09:02:05,205 -User: jason21 - Path: /conversation/
2025-09-24 09:02:13,123 -User: jason21 - Path: /messages/
2025-09-24 09:02:53,178 -User: jason21 - Path: /
2025-09-24 09:02:58,973 -User: jason21 - Path: /messages/
2025-09-24 09:08:34,641 -C:\Users\Elite Phrasium\OneDrive\Desktop\ALX\backend\week_4\alx-backend-python\Django-Middleware-0x03\chats\views.py changed, reloading.
2025-09-24 09:09:04,644 -User: jason21 - Path: /messages/
2025-09-24 09:09:32,274 -C:\Users\Elite Phrasium\OneDrive\Desktop\ALX\backend\week_4\alx-backend-python\Django-Middleware-0x03\chats\views.py changed, reloading.
2025-09-24 09:09:41,220 -User: jason21 - Path: /messages/
2025-09-24 09:10:32,963 -C:\Users\Elite Phrasium\OneDrive\Desktop\ALX\backend\week_4\alx-backend-python\Django-Middleware-0x03\chats\views.py changed, reloading.
2025-09-24 09:11:51,461 -User: jason21 - Path: /
2025-09-24 09:11:54,963 -User: jason21 - Path: /messages/
2025-09-24 09:12:42,539 -User: jason21 - Path: /messages/
2025-09-24 09:16:15,172 -User: Anonymous - Path: /api/messages/
2025-09-24 09:16:15,418 -Not Found: /api/messages/
2025-09-24 09:16:28,291 -User: Anonymous - Path: /messages/
2025-09-24 09:18:19,838 -C:\Users\Elite Phrasium\OneDrive\Desktop\ALX\backend\week_4\alx-backend-python\Django-Middleware-0x03\chats\middleware.py changed, reloading.
2025-09-24 09:20:09,967 -C:\Users\Elite Phrasium\OneDrive\Desktop\ALX\backend\week_4\alx-backend-python\Django-Middleware-0x03\chats\middleware.py changed, reloading.
2025-09-24 09:21:21,874 -C:\Users\Elite Phrasium\OneDrive\Desktop\ALX\backend\week_4\alx-backend-python\Django-Middleware-0x03\chats\middleware.py changed, reloading.
2025-09-24 09:21:38,040 -C:\Users\Elite Phrasium\OneDrive\Desktop\ALX\backend\week_4\alx-backend-python\Django-Middleware-0x03\chats\middleware.py changed, reloading.
2025-09-24 09:21:59,227 -C:\Users\Elite Phrasium\OneDrive\Desktop\ALX\backend\week_4\alx-backend-python\Django-Middleware-0x03\chats\middleware.py changed, reloading.
2025-09-24 09:23:53,029 -C:\Users\Elite Phrasium\OneDrive\Desktop\ALX\backend\week_4\alx-backend-python\Django-Middleware-0x03\messaging_app\settings.py changed, reloading.
2025-09-24 09:24:34,014 -C:\Users\Elite Phrasium\OneDrive\Desktop\ALX\backend\week_4\alx-backend-python\Django-Middleware-0x03\chats\middleware.py changed, reloading.
